# JRE version: Java(TM) SE Runtime Environment (17.0.1+12) (build 17.0.1+12-LTS-39)
# Java VM: Java HotSpot(TM) 64-Bit Server VM (17.0.1+12-LTS-39, mixed mode, sharing, tiered, compressed oops, compressed class ptrs, g1 gc, windows-amd64)
GC Precious Log:
 CPUs: 4 total, 4 available
 Memory: 7886M
 Large Page Support: Disabled
 NUMA Support: Disabled
 Compressed Oops: Enabled (32-bit)
 Heap Region Size: 1M
 Heap Min Capacity: 8M
 Heap Initial Capacity: 124M
 Heap Max Capacity: 2G
 Pre-touch: Disabled
 Parallel Workers: 4
 Concurrent Workers: 1
 Concurrent Refinement Workers: 4
 Periodic GC: Disabled
Heap:
 garbage-first heap   total 81920K, used 45758K [0x0000000080000000, 0x0000000100000000)
  region size 1024K, 5 young (5120K), 4 survivors (4096K)
 Metaspace       used 45892K, committed 46464K, reserved 462848K
  class space    used 6392K, committed 6656K, reserved 421888K
GC Heap History (20 events):
Event: 10.338 GC heap before
{Heap before GC invocations=4 (full 0):
 garbage-first heap   total 126976K, used 56611K [0x0000000080000000, 0x0000000100000000)
  region size 1024K, 47 young (48128K), 10 survivors (10240K)
 Metaspace       used 21157K, committed 21504K, reserved 446464K
  class space    used 3139K, committed 3328K, reserved 421888K
}
Event: 10.364 GC heap after
{Heap after GC invocations=5 (full 0):
 garbage-first heap   total 126976K, used 22353K [0x0000000080000000, 0x0000000100000000)
  region size 1024K, 3 young (3072K), 3 survivors (3072K)
 Metaspace       used 21157K, committed 21504K, reserved 446464K
  class space    used 3139K, committed 3328K, reserved 421888K
}
Event: 13.313 GC heap before
{Heap before GC invocations=6 (full 0):
 garbage-first heap   total 81920K, used 68433K [0x0000000080000000, 0x0000000100000000)
  region size 1024K, 48 young (49152K), 3 survivors (3072K)
 Metaspace       used 28722K, committed 29120K, reserved 454656K
  class space    used 4032K, committed 4224K, reserved 421888K
}
Event: 13.335 GC heap after
{Heap after GC invocations=7 (full 0):
 garbage-first heap   total 81920K, used 27436K [0x0000000080000000, 0x0000000100000000)
  region size 1024K, 6 young (6144K), 6 survivors (6144K)
 Metaspace       used 28722K, committed 29120K, reserved 454656K
  class space    used 4032K, committed 4224K, reserved 421888K
}
Event: 13.347 GC heap before
{Heap before GC invocations=7 (full 0):
 garbage-first heap   total 81920K, used 28460K [0x0000000080000000, 0x0000000100000000)
  region size 1024K, 7 young (7168K), 6 survivors (6144K)
 Metaspace       used 28723K, committed 29120K, reserved 454656K
  class space    used 4032K, committed 4224K, reserved 421888K
}
Event: 13.376 GC heap after
{Heap after GC invocations=8 (full 0):
 garbage-first heap   total 81920K, used 28536K [0x0000000080000000, 0x0000000100000000)
  region size 1024K, 1 young (1024K), 1 survivors (1024K)
 Metaspace       used 28723K, committed 29120K, reserved 454656K
  class space    used 4032K, committed 4224K, reserved 421888K
}
Event: 15.655 GC heap before
{Heap before GC invocations=8 (full 0):
 garbage-first heap   total 81920K, used 64376K [0x0000000080000000, 0x0000000100000000)
  region size 1024K, 33 young (33792K), 1 survivors (1024K)
 Metaspace       used 31821K, committed 32256K, reserved 454656K
  class space    used 4380K, committed 4544K, reserved 421888K
}
Event: 15.668 GC heap after
{Heap after GC invocations=9 (full 0):
 garbage-first heap   total 81920K, used 30864K [0x0000000080000000, 0x0000000100000000)
  region size 1024K, 4 young (4096K), 4 survivors (4096K)
 Metaspace       used 31821K, committed 32256K, reserved 454656K
  class space    used 4380K, committed 4544K, reserved 421888K
}
Event: 23.737 GC heap before
{Heap before GC invocations=9 (full 0):
 garbage-first heap   total 81920K, used 61584K [0x0000000080000000, 0x0000000100000000)
  region size 1024K, 34 young (34816K), 4 survivors (4096K)
 Metaspace       used 33832K, committed 34304K, reserved 454656K
  class space    used 4671K, committed 4864K, reserved 421888K
}
Event: 23.753 GC heap after
{Heap after GC invocations=10 (full 0):
 garbage-first heap   total 81920K, used 32741K [0x0000000080000000, 0x0000000100000000)
  region size 1024K, 2 young (2048K), 2 survivors (2048K)
 Metaspace       used 33832K, committed 34304K, reserved 454656K
  class space    used 4671K, committed 4864K, reserved 421888K
}
Event: 24.262 GC heap before
{Heap before GC invocations=10 (full 0):
 garbage-first heap   total 81920K, used 41957K [0x0000000080000000, 0x0000000100000000)
  region size 1024K, 12 young (12288K), 2 survivors (2048K)
 Metaspace       used 35441K, committed 35968K, reserved 454656K
  class space    used 4844K, committed 5120K, reserved 421888K
}
Event: 24.272 GC heap after
{Heap after GC invocations=11 (full 0):
 garbage-first heap   total 81920K, used 33322K [0x0000000080000000, 0x0000000100000000)
  region size 1024K, 3 young (3072K), 3 survivors (3072K)
 Metaspace       used 35441K, committed 35968K, reserved 454656K
  class space    used 4844K, committed 5120K, reserved 421888K
}
Event: 26.041 GC heap before
{Heap before GC invocations=12 (full 0):
 garbage-first heap   total 81920K, used 63018K [0x0000000080000000, 0x0000000100000000)
  region size 1024K, 32 young (32768K), 3 survivors (3072K)
 Metaspace       used 39018K, committed 39552K, reserved 462848K
  class space    used 5445K, committed 5696K, reserved 421888K
}
Event: 26.054 GC heap after
{Heap after GC invocations=13 (full 0):
 garbage-first heap   total 81920K, used 34935K [0x0000000080000000, 0x0000000100000000)
  region size 1024K, 3 young (3072K), 3 survivors (3072K)
 Metaspace       used 39018K, committed 39552K, reserved 462848K
  class space    used 5445K, committed 5696K, reserved 421888K
}
Event: 27.623 GC heap before
{Heap before GC invocations=13 (full 0):
 garbage-first heap   total 81920K, used 66679K [0x0000000080000000, 0x0000000100000000)
  region size 1024K, 32 young (32768K), 3 survivors (3072K)
 Metaspace       used 42092K, committed 42624K, reserved 462848K
  class space    used 5882K, committed 6144K, reserved 421888K
}
Event: 27.634 GC heap after
{Heap after GC invocations=14 (full 0):
 garbage-first heap   total 81920K, used 38382K [0x0000000080000000, 0x0000000100000000)
  region size 1024K, 3 young (3072K), 3 survivors (3072K)
 Metaspace       used 42092K, committed 42624K, reserved 462848K
  class space    used 5882K, committed 6144K, reserved 421888K
}
Event: 27.693 GC heap before
{Heap before GC invocations=14 (full 0):
 garbage-first heap   total 81920K, used 39406K [0x0000000080000000, 0x0000000100000000)
  region size 1024K, 5 young (5120K), 3 survivors (3072K)
 Metaspace       used 42129K, committed 42688K, reserved 462848K
  class space    used 5886K, committed 6144K, reserved 421888K
}
Event: 27.702 GC heap after
{Heap after GC invocations=15 (full 0):
 garbage-first heap   total 81920K, used 39082K [0x0000000080000000, 0x0000000100000000)
  region size 1024K, 3 young (3072K), 3 survivors (3072K)
 Metaspace       used 42129K, committed 42688K, reserved 462848K
  class space    used 5886K, committed 6144K, reserved 421888K
}
Event: 29.386 GC heap before
{Heap before GC invocations=15 (full 0):
 garbage-first heap   total 81920K, used 68778K [0x0000000080000000, 0x0000000100000000)
  region size 1024K, 28 young (28672K), 3 survivors (3072K)
 Metaspace       used 45856K, committed 46400K, reserved 462848K
  class space    used 6390K, committed 6656K, reserved 421888K
}
Event: 29.398 GC heap after
{Heap after GC invocations=16 (full 0):
 garbage-first heap   total 81920K, used 45758K [0x0000000080000000, 0x0000000100000000)
  region size 1024K, 4 young (4096K), 4 survivors (4096K)
 Metaspace       used 45856K, committed 46400K, reserved 462848K
  class space    used 6390K, committed 6656K, reserved 421888K
}

